TN:
SF:src\config\index.js
FNF:0
FNH:0
DA:12,1
DA:14,1
DA:57,1
DA:58,1
DA:59,1
DA:62,1
LF:6
LH:6
BRDA:17,0,0,1
BRDA:17,0,1,0
BRDA:18,1,0,1
BRDA:18,1,1,0
BRDA:30,2,0,1
BRDA:30,2,1,0
BRDA:31,3,0,1
BRDA:31,3,1,0
BRDA:36,4,0,1
BRDA:36,4,1,0
BRDA:37,5,0,1
BRDA:37,5,1,0
BRDA:42,6,0,1
BRDA:42,6,1,0
BRDA:43,7,0,1
BRDA:43,7,1,0
BRDA:47,8,0,1
BRDA:47,8,1,0
BRDA:51,9,0,1
BRDA:51,9,1,0
BRDA:52,10,0,1
BRDA:52,10,1,0
BRDA:57,11,0,1
BRDA:57,11,1,0
BRF:24
BRH:12
end_of_record
TN:
SF:src\controllers\airlineController.js
FN:4,getAirlines
FN:14,getRoutes
FNF:2
FNH:1
FNDA:6,getAirlines
FNDA:0,getRoutes
DA:1,1
DA:2,1
DA:5,6
DA:6,6
DA:7,6
DA:9,0
DA:10,0
DA:15,0
DA:16,0
DA:17,0
DA:19,0
DA:20,0
DA:24,1
LF:13
LH:6
BRF:0
BRH:0
end_of_record
TN:
SF:src\controllers\authController.js
FN:16,login
FN:20,(anonymous_1)
FN:37,logout
FN:42,me
FNF:4
FNH:2
FNDA:5,login
FNDA:2,(anonymous_1)
FNDA:0,logout
FNDA:0,me
DA:1,1
DA:2,1
DA:3,1
DA:4,1
DA:6,1
DA:17,5
DA:18,5
DA:19,5
DA:20,2
DA:21,2
DA:22,2
DA:23,2
DA:24,0
DA:29,0
DA:30,0
DA:32,0
DA:33,0
DA:38,0
DA:39,0
DA:43,0
DA:46,1
LF:21
LH:13
BRDA:19,0,0,3
BRDA:19,0,1,2
BRDA:19,1,0,5
BRDA:19,1,1,3
BRDA:22,2,0,1
BRDA:22,2,1,1
BRDA:23,3,0,2
BRDA:23,3,1,0
BRDA:23,4,0,2
BRDA:23,4,1,1
BRF:10
BRH:9
end_of_record
TN:
SF:src\controllers\flightController.js
FN:5,esFechaValida
FN:10,getDepartures
FN:24,getArrivals
FN:38,searchByLocation
FN:51,getFlightDetail
FNF:5
FNH:5
FNDA:2,esFechaValida
FNDA:10,getDepartures
FNDA:4,getArrivals
FNDA:7,searchByLocation
FNDA:5,getFlightDetail
DA:1,1
DA:2,1
DA:3,1
DA:6,2
DA:7,1
DA:11,10
DA:12,10
DA:13,10
DA:14,9
DA:15,9
DA:16,8
DA:17,8
DA:19,0
DA:20,0
DA:25,4
DA:26,4
DA:27,4
DA:28,4
DA:29,4
DA:30,3
DA:31,3
DA:33,0
DA:34,0
DA:39,7
DA:40,7
DA:41,7
DA:42,5
DA:43,4
DA:44,4
DA:46,0
DA:47,0
DA:52,5
DA:53,5
DA:54,5
DA:55,4
DA:56,4
DA:57,3
DA:59,0
DA:60,0
DA:64,1
LF:40
LH:32
BRDA:6,0,0,1
BRDA:6,0,1,1
BRDA:13,1,0,1
BRDA:13,1,1,9
BRDA:13,2,0,10
BRDA:13,2,1,2
BRDA:14,3,0,0
BRDA:14,3,1,9
BRDA:14,4,0,9
BRDA:14,4,1,1
BRDA:15,5,0,1
BRDA:15,5,1,8
BRDA:15,6,0,9
BRDA:15,6,1,3
BRDA:27,7,0,0
BRDA:27,7,1,4
BRDA:27,8,0,4
BRDA:27,8,1,0
BRDA:28,9,0,0
BRDA:28,9,1,4
BRDA:28,10,0,4
BRDA:28,10,1,0
BRDA:29,11,0,1
BRDA:29,11,1,3
BRDA:29,12,0,4
BRDA:29,12,1,1
BRDA:41,13,0,2
BRDA:41,13,1,5
BRDA:41,14,0,7
BRDA:41,14,1,6
BRDA:42,15,0,1
BRDA:42,15,1,4
BRDA:42,16,0,5
BRDA:42,16,1,2
BRDA:43,17,0,4
BRDA:43,17,1,3
BRDA:44,18,0,4
BRDA:44,18,1,3
BRDA:54,19,0,1
BRDA:54,19,1,4
BRDA:54,20,0,5
BRDA:54,20,1,4
BRDA:56,21,0,1
BRDA:56,21,1,3
BRF:44
BRH:39
end_of_record
TN:
SF:src\middleware\authMiddleware.js
FN:25,requireAuth
FN:61,requireAMW
FNF:2
FNH:0
FNDA:0,requireAuth
FNDA:0,requireAMW
DA:16,1
DA:17,1
DA:18,1
DA:27,0
DA:29,0
DA:30,0
DA:34,0
DA:36,0
DA:38,0
DA:46,0
DA:47,0
DA:50,0
DA:51,0
DA:53,0
DA:62,0
DA:63,0
DA:65,0
DA:68,1
LF:18
LH:4
BRDA:29,0,0,0
BRDA:29,0,1,0
BRDA:29,1,0,0
BRDA:29,1,1,0
BRDA:50,2,0,0
BRDA:50,2,1,0
BRDA:62,3,0,0
BRDA:62,3,1,0
BRDA:62,4,0,0
BRDA:62,4,1,0
BRF:10
BRH:0
end_of_record
TN:
SF:src\middleware\errorMiddleware.js
FN:16,notFoundHandler
FN:29,globalErrorHandler
FNF:2
FNH:1
FNDA:2,notFoundHandler
FNDA:0,globalErrorHandler
DA:10,1
DA:17,2
DA:30,0
DA:32,0
DA:39,0
DA:40,0
DA:43,0
DA:46,1
LF:8
LH:3
BRDA:30,0,0,0
BRDA:30,0,1,0
BRDA:34,1,0,0
BRDA:34,1,1,0
BRDA:39,2,0,0
BRDA:39,2,1,0
BRDA:43,3,0,0
BRDA:43,3,1,0
BRF:8
BRH:0
end_of_record
TN:
SF:src\middleware\rateLimiter.js
FN:24,(anonymous_0)
FNF:1
FNH:1
FNDA:32,(anonymous_0)
DA:11,1
DA:12,1
DA:19,1
DA:24,32
DA:37,1
DA:50,1
LF:6
LH:6
BRF:0
BRH:0
end_of_record
TN:
SF:src\routes\airlineRoutes.js
FNF:0
FNH:0
DA:1,1
DA:2,1
DA:3,1
DA:4,1
DA:6,1
DA:7,1
DA:8,1
DA:10,1
LF:8
LH:8
BRF:0
BRH:0
end_of_record
TN:
SF:src\routes\authRoutes.js
FNF:0
FNH:0
DA:1,1
DA:2,1
DA:3,1
DA:4,1
DA:5,1
DA:7,1
DA:8,1
DA:9,1
DA:11,1
LF:9
LH:9
BRF:0
BRH:0
end_of_record
TN:
SF:src\routes\flightRoutes.js
FNF:0
FNH:0
DA:1,1
DA:2,1
DA:3,1
DA:4,1
DA:6,1
DA:7,1
DA:8,1
DA:9,1
DA:10,1
DA:12,1
LF:10
LH:10
BRF:0
BRH:0
end_of_record
TN:
SF:src\services\flightAwareService.js
FN:39,(anonymous_0)
FN:40,(anonymous_1)
FN:69,getDepartures
FN:95,(anonymous_3)
FN:106,getArrivals
FN:125,(anonymous_5)
FN:136,getFlightByCode
FN:142,(anonymous_7)
FN:159,getAirlines
FN:170,(anonymous_9)
FN:185,getRoutes
FN:193,searchByLocation
FN:197,(anonymous_12)
FN:219,normalizarVueloFlightAware
FN:258,traducirEstadoFlightAware
FN:280,filtrarVuelos
FN:286,(anonymous_16)
FNF:17
FNH:9
FNDA:0,(anonymous_0)
FNDA:0,(anonymous_1)
FNDA:8,getDepartures
FNDA:0,(anonymous_3)
FNDA:3,getArrivals
FNDA:0,(anonymous_5)
FNDA:4,getFlightByCode
FNDA:20,(anonymous_7)
FNDA:6,getAirlines
FNDA:0,(anonymous_9)
FNDA:0,getRoutes
FNDA:4,searchByLocation
FNDA:39,(anonymous_12)
FNDA:0,normalizarVueloFlightAware
FNDA:0,traducirEstadoFlightAware
FNDA:11,filtrarVuelos
FNDA:106,(anonymous_16)
DA:18,1
DA:19,1
DA:20,1
DA:21,1
DA:26,1
DA:38,1
DA:39,0
DA:41,0
DA:42,0
DA:45,0
DA:46,0
DA:47,0
DA:48,0
DA:50,0
DA:72,8
DA:74,8
DA:80,0
DA:95,0
DA:96,0
DA:99,0
DA:108,3
DA:109,3
DA:113,0
DA:125,0
DA:126,0
DA:129,0
DA:138,4
DA:140,4
DA:141,4
DA:142,20
DA:148,0
DA:149,0
DA:151,0
DA:153,0
DA:161,6
DA:162,6
DA:166,0
DA:170,0
DA:186,0
DA:194,4
DA:195,4
DA:197,4
DA:199,39
DA:200,39
DA:220,0
DA:259,0
DA:261,0
DA:273,0
DA:281,11
DA:284,11
DA:286,11
DA:288,106
DA:293,106
DA:296,27
DA:299,26
DA:302,23
DA:305,23
DA:306,0
DA:307,0
DA:310,23
DA:315,1
LF:61
LH:32
BRDA:42,0,0,0
BRDA:42,0,1,0
BRDA:45,1,0,0
BRDA:45,1,1,0
BRDA:46,2,0,0
BRDA:46,2,1,0
BRDA:47,3,0,0
BRDA:47,3,1,0
BRDA:48,4,0,0
BRDA:48,4,1,0
BRDA:69,5,0,0
BRDA:72,6,0,8
BRDA:72,6,1,0
BRDA:87,7,0,0
BRDA:87,7,1,0
BRDA:88,8,0,0
BRDA:88,8,1,0
BRDA:95,9,0,0
BRDA:95,9,1,0
BRDA:106,10,0,0
BRDA:108,11,0,3
BRDA:108,11,1,0
BRDA:119,12,0,0
BRDA:119,12,1,0
BRDA:120,13,0,0
BRDA:120,13,1,0
BRDA:125,14,0,0
BRDA:125,14,1,0
BRDA:138,15,0,4
BRDA:138,15,1,0
BRDA:141,16,0,4
BRDA:141,16,1,1
BRDA:149,17,0,0
BRDA:149,17,1,0
BRDA:151,18,0,0
BRDA:151,18,1,0
BRDA:161,19,0,6
BRDA:161,19,1,0
BRDA:170,20,0,0
BRDA:170,20,1,0
BRDA:171,21,0,0
BRDA:171,21,1,0
BRDA:193,22,0,0
BRDA:194,23,0,3
BRDA:194,23,1,1
BRDA:199,24,0,33
BRDA:199,24,1,6
BRDA:201,25,0,39
BRDA:201,25,1,38
BRDA:201,25,2,38
BRDA:221,26,0,0
BRDA:221,26,1,0
BRDA:222,27,0,0
BRDA:222,27,1,0
BRDA:240,28,0,0
BRDA:240,28,1,0
BRDA:240,28,2,0
BRDA:241,29,0,0
BRDA:241,29,1,0
BRDA:241,29,2,0
BRDA:242,30,0,0
BRDA:242,30,1,0
BRDA:259,31,0,0
BRDA:259,31,1,0
BRDA:273,32,0,0
BRDA:273,32,1,0
BRDA:289,33,0,88
BRDA:289,33,1,18
BRDA:293,34,0,79
BRDA:293,34,1,27
BRDA:296,35,0,1
BRDA:296,35,1,26
BRDA:296,36,0,27
BRDA:296,36,1,3
BRDA:299,37,0,3
BRDA:299,37,1,23
BRDA:299,38,0,26
BRDA:299,38,1,6
BRDA:299,38,2,6
BRDA:302,39,0,0
BRDA:302,39,1,23
BRDA:302,40,0,23
BRDA:302,40,1,0
BRDA:302,40,2,0
BRDA:305,41,0,0
BRDA:305,41,1,23
BRDA:307,42,0,0
BRDA:307,42,1,0
BRF:88
BRH:29
end_of_record
TN:
SF:src\utils\dateHelpers.js
FN:13,addDays
FN:23,toDateString
FN:34,getNextDays
FN:35,(anonymous_3)
FN:46,delayMinutes
FNF:5
FNH:5
FNDA:216,addDays
FNDA:170,toDateString
FNDA:18,getNextDays
FNDA:54,(anonymous_3)
FNDA:7,delayMinutes
DA:14,216
DA:15,216
DA:16,216
DA:24,170
DA:35,18
DA:36,54
DA:47,7
DA:48,4
DA:49,4
DA:52,3
LF:10
LH:10
BRDA:34,0,0,0
BRDA:47,1,0,3
BRDA:47,1,1,4
BRDA:47,2,0,7
BRDA:47,2,1,5
BRF:5
BRH:4
end_of_record
TN:
SF:src\utils\responseHelpers.js
FN:18,success
FN:30,clientError
FN:42,serverError
FNF:3
FNH:3
FNDA:29,success
FNDA:19,clientError
FNDA:4,serverError
DA:19,29
DA:31,19
DA:43,4
DA:50,2
LF:4
LH:4
BRDA:18,0,0,28
BRDA:30,1,0,4
BRDA:42,2,0,2
BRF:3
BRH:3
end_of_record
