TN:
SF:src\config\index.js
FNF:0
FNH:0
DA:1,1
DA:2,1
DA:3,1
DA:4,1
DA:5,1
DA:6,1
DA:7,1
DA:8,1
DA:9,1
DA:10,1
DA:11,1
DA:12,1
DA:13,1
DA:14,1
DA:15,1
DA:16,1
DA:17,1
DA:18,1
DA:19,1
DA:20,1
DA:21,1
DA:22,1
DA:23,1
DA:24,1
DA:25,1
DA:26,1
DA:27,1
DA:28,1
DA:29,1
DA:30,1
DA:31,1
DA:32,1
DA:33,1
DA:34,1
DA:35,1
DA:36,1
DA:37,1
DA:38,1
DA:39,1
DA:40,1
DA:41,1
DA:42,1
DA:43,1
DA:44,1
DA:45,1
DA:46,1
DA:47,1
DA:48,1
DA:49,1
DA:50,1
DA:51,1
DA:52,1
DA:53,1
DA:54,1
DA:55,1
DA:56,1
DA:57,1
DA:58,1
DA:59,1
DA:60,1
DA:61,1
DA:62,1
LF:62
LH:62
BRDA:17,0,0,0
BRDA:18,1,0,0
BRDA:30,2,0,0
BRDA:31,3,0,0
BRDA:36,4,0,0
BRDA:37,5,0,0
BRDA:42,6,0,0
BRDA:43,7,0,0
BRDA:47,8,0,0
BRDA:51,9,0,0
BRDA:52,10,0,0
BRF:11
BRH:0
end_of_record
TN:
SF:src\controllers\airlineController.js
FN:5,getAirlines
FN:15,getRoutes
FNF:2
FNH:2
FNDA:2,getAirlines
FNDA:3,getRoutes
DA:1,1
DA:2,1
DA:3,1
DA:4,1
DA:5,2
DA:6,2
DA:7,2
DA:8,2
DA:9,0
DA:10,0
DA:11,0
DA:12,2
DA:13,1
DA:14,1
DA:15,3
DA:16,3
DA:17,3
DA:18,3
DA:19,0
DA:20,0
DA:21,0
DA:22,3
DA:23,1
DA:24,1
LF:24
LH:18
BRDA:5,0,0,2
BRDA:8,1,0,0
BRDA:15,2,0,3
BRDA:18,3,0,0
BRF:4
BRH:2
end_of_record
TN:
SF:src\controllers\authController.js
FN:16,login
FN:37,logout
FN:42,me
FNF:3
FNH:1
FNDA:3,login
FNDA:0,logout
FNDA:0,me
DA:1,1
DA:2,1
DA:3,1
DA:4,1
DA:5,1
DA:6,1
DA:7,1
DA:8,1
DA:9,1
DA:10,1
DA:11,1
DA:12,1
DA:13,1
DA:14,1
DA:15,1
DA:16,3
DA:17,3
DA:18,3
DA:19,3
DA:20,1
DA:21,1
DA:22,3
DA:23,3
DA:24,0
DA:25,0
DA:26,0
DA:27,0
DA:28,0
DA:29,0
DA:30,0
DA:31,0
DA:32,0
DA:33,0
DA:34,0
DA:35,3
DA:36,1
DA:37,0
DA:38,0
DA:39,0
DA:40,0
DA:41,1
DA:42,0
DA:43,0
DA:44,0
DA:45,1
DA:46,1
LF:46
LH:28
BRDA:16,0,0,3
BRDA:19,1,0,2
BRDA:19,2,0,2
BRDA:20,3,0,1
BRDA:22,4,0,0
BRDA:23,5,0,1
BRDA:23,6,0,1
BRDA:24,7,0,0
BRDA:20,8,0,1
BRF:9
BRH:7
end_of_record
TN:
SF:src\controllers\flightController.js
FN:4,esFechaValida
FN:9,getFechasValidas
FN:21,getDepartures
FN:46,getArrivals
FN:71,searchByLocation
FN:88,getFlightDetail
FNF:6
FNH:6
FNDA:3,esFechaValida
FNDA:2,getFechasValidas
FNDA:8,getDepartures
FNDA:3,getArrivals
FNDA:6,searchByLocation
FNDA:4,getFlightDetail
DA:1,1
DA:2,1
DA:3,1
DA:4,3
DA:5,3
DA:6,2
DA:7,2
DA:8,1
DA:9,2
DA:10,2
DA:11,2
DA:12,6
DA:13,6
DA:14,6
DA:15,6
DA:16,6
DA:17,6
DA:18,2
DA:19,2
DA:20,1
DA:21,8
DA:22,8
DA:23,8
DA:24,8
DA:25,1
DA:26,1
DA:27,8
DA:28,1
DA:29,1
DA:30,8
DA:31,1
DA:32,1
DA:33,5
DA:34,5
DA:35,5
DA:36,8
DA:37,8
DA:38,8
DA:39,5
DA:40,8
DA:41,0
DA:42,0
DA:43,0
DA:44,8
DA:45,1
DA:46,3
DA:47,3
DA:48,3
DA:49,3
DA:50,0
DA:51,0
DA:52,3
DA:53,0
DA:54,0
DA:55,3
DA:56,1
DA:57,1
DA:58,2
DA:59,2
DA:60,2
DA:61,3
DA:62,3
DA:63,3
DA:64,2
DA:65,3
DA:66,0
DA:67,0
DA:68,0
DA:69,3
DA:70,1
DA:71,6
DA:72,6
DA:73,6
DA:74,6
DA:75,2
DA:76,2
DA:77,6
DA:78,1
DA:79,1
DA:80,6
DA:81,6
DA:82,6
DA:83,0
DA:84,0
DA:85,0
DA:86,6
DA:87,1
DA:88,4
DA:89,4
DA:90,4
DA:91,4
DA:92,1
DA:93,1
DA:94,3
DA:95,4
DA:96,2
DA:97,4
DA:98,0
DA:99,0
DA:100,0
DA:101,4
DA:102,1
DA:103,1
LF:103
LH:87
BRDA:4,0,0,3
BRDA:5,1,0,1
BRDA:6,2,0,2
BRDA:9,3,0,2
BRDA:11,4,0,6
BRDA:21,5,0,8
BRDA:24,6,0,3
BRDA:24,7,0,1
BRDA:27,8,0,7
BRDA:27,9,0,2
BRDA:27,10,0,1
BRDA:30,11,0,6
BRDA:30,12,0,2
BRDA:30,13,0,1
BRDA:33,14,0,5
BRDA:37,15,0,5
BRDA:39,16,0,5
BRDA:40,17,0,0
BRDA:46,18,0,3
BRDA:49,19,0,0
BRDA:49,20,0,0
BRDA:52,21,0,0
BRDA:52,22,0,0
BRDA:55,23,0,1
BRDA:55,24,0,1
BRDA:58,25,0,2
BRDA:62,26,0,2
BRDA:64,27,0,2
BRDA:65,28,0,0
BRDA:71,29,0,6
BRDA:74,30,0,5
BRDA:74,31,0,2
BRDA:77,32,0,4
BRDA:77,33,0,2
BRDA:77,34,0,1
BRDA:80,35,0,3
BRDA:80,36,0,2
BRDA:81,37,0,3
BRDA:81,38,0,2
BRDA:82,39,0,0
BRDA:88,40,0,4
BRDA:91,41,0,3
BRDA:91,42,0,1
BRDA:94,43,0,3
BRDA:95,44,0,1
BRDA:96,45,0,2
BRDA:97,46,0,0
BRF:47
BRH:39
end_of_record
TN:
SF:src\middleware\authMiddleware.js
FN:25,requireAuth
FN:61,requireAMW
FNF:2
FNH:0
FNDA:0,requireAuth
FNDA:0,requireAMW
DA:1,1
DA:2,1
DA:3,1
DA:4,1
DA:5,1
DA:6,1
DA:7,1
DA:8,1
DA:9,1
DA:10,1
DA:11,1
DA:12,1
DA:13,1
DA:14,1
DA:15,1
DA:16,1
DA:17,1
DA:18,1
DA:19,1
DA:20,1
DA:21,1
DA:22,1
DA:23,1
DA:24,1
DA:25,0
DA:26,0
DA:27,0
DA:28,0
DA:29,0
DA:30,0
DA:31,0
DA:32,0
DA:33,0
DA:34,0
DA:35,0
DA:36,0
DA:37,0
DA:38,0
DA:39,0
DA:40,0
DA:41,0
DA:42,0
DA:43,0
DA:44,0
DA:45,0
DA:46,0
DA:47,0
DA:48,0
DA:49,0
DA:50,0
DA:51,0
DA:52,0
DA:53,0
DA:54,0
DA:55,0
DA:56,1
DA:57,1
DA:58,1
DA:59,1
DA:60,1
DA:61,0
DA:62,0
DA:63,0
DA:64,0
DA:65,0
DA:66,0
DA:67,1
DA:68,1
LF:68
LH:31
BRF:0
BRH:0
end_of_record
TN:
SF:src\middleware\errorMiddleware.js
FN:16,notFoundHandler
FN:29,globalErrorHandler
FNF:2
FNH:1
FNDA:2,notFoundHandler
FNDA:0,globalErrorHandler
DA:1,1
DA:2,1
DA:3,1
DA:4,1
DA:5,1
DA:6,1
DA:7,1
DA:8,1
DA:9,1
DA:10,1
DA:11,1
DA:12,1
DA:13,1
DA:14,1
DA:15,1
DA:16,2
DA:17,2
DA:18,2
DA:19,2
DA:20,2
DA:21,2
DA:22,2
DA:23,1
DA:24,1
DA:25,1
DA:26,1
DA:27,1
DA:28,1
DA:29,0
DA:30,0
DA:31,0
DA:32,0
DA:33,0
DA:34,0
DA:35,0
DA:36,0
DA:37,0
DA:38,0
DA:39,0
DA:40,0
DA:41,0
DA:42,0
DA:43,0
DA:44,0
DA:45,1
DA:46,1
LF:46
LH:30
BRDA:16,0,0,2
BRF:1
BRH:1
end_of_record
TN:
SF:src\middleware\rateLimiter.js
FN:24,skip
FNF:1
FNH:1
FNDA:26,skip
DA:1,1
DA:2,1
DA:3,1
DA:4,1
DA:5,1
DA:6,1
DA:7,1
DA:8,1
DA:9,1
DA:10,1
DA:11,1
DA:12,1
DA:13,1
DA:14,1
DA:15,1
DA:16,1
DA:17,1
DA:18,1
DA:19,1
DA:20,1
DA:21,1
DA:22,1
DA:23,1
DA:24,1
DA:25,1
DA:26,1
DA:27,1
DA:28,1
DA:29,1
DA:30,1
DA:31,1
DA:32,1
DA:33,1
DA:34,1
DA:35,1
DA:36,1
DA:37,1
DA:38,1
DA:39,1
DA:40,1
DA:41,1
DA:42,1
DA:43,1
DA:44,1
DA:45,1
DA:46,1
DA:47,1
DA:48,1
DA:49,1
DA:50,1
LF:50
LH:50
BRDA:24,0,0,26
BRF:1
BRH:1
end_of_record
TN:
SF:src\routes\airlineRoutes.js
FNF:0
FNH:0
DA:1,1
DA:2,1
DA:3,1
DA:4,1
DA:5,1
DA:6,1
DA:7,1
DA:8,1
DA:9,1
DA:10,1
LF:10
LH:10
BRF:0
BRH:0
end_of_record
TN:
SF:src\routes\authRoutes.js
FNF:0
FNH:0
DA:1,1
DA:2,1
DA:3,1
DA:4,1
DA:5,1
DA:6,1
DA:7,1
DA:8,1
DA:9,1
DA:10,1
DA:11,1
LF:11
LH:11
BRF:0
BRH:0
end_of_record
TN:
SF:src\routes\flightRoutes.js
FNF:0
FNH:0
DA:1,1
DA:2,1
DA:3,1
DA:4,1
DA:5,1
DA:6,1
DA:7,1
DA:8,1
DA:9,1
DA:10,1
DA:11,1
DA:12,1
LF:12
LH:12
BRF:0
BRH:0
end_of_record
TN:
SF:src\routes\routeRoutes.js
FNF:0
FNH:0
DA:1,1
DA:2,1
DA:3,1
DA:4,1
DA:5,1
DA:6,1
DA:7,1
DA:8,1
DA:9,1
DA:10,1
DA:11,1
LF:11
LH:11
BRF:0
BRH:0
end_of_record
TN:
SF:src\services\flightAwareService.js
FN:7,esDomestico
FN:30,faClient.interceptors.response.use.s
FN:42,normalizarVuelo
FN:94,traducirEstado
FN:103,construirRango
FN:151,fechaLocal
FN:161,filtrar
FN:195,getDepartures
FN:207,getArrivals
FN:219,getFlightByCode
FN:230,getAirlines
FN:277,getRoutes
FN:279,searchByLocation
FNF:13
FNH:8
FNDA:0,esDomestico
FNDA:0,faClient.interceptors.response.use.s
FNDA:0,normalizarVuelo
FNDA:0,traducirEstado
FNDA:0,construirRango
FNDA:207,fechaLocal
FNDA:22,filtrar
FNDA:15,getDepartures
FNDA:7,getArrivals
FNDA:9,getFlightByCode
FNDA:3,getAirlines
FNDA:3,getRoutes
FNDA:8,searchByLocation
DA:1,1
DA:2,1
DA:3,1
DA:4,1
DA:5,1
DA:6,1
DA:7,0
DA:8,0
DA:9,0
DA:10,0
DA:11,0
DA:12,0
DA:13,0
DA:14,0
DA:15,0
DA:16,0
DA:17,0
DA:18,0
DA:19,0
DA:20,0
DA:21,1
DA:22,1
DA:23,1
DA:24,1
DA:25,1
DA:26,1
DA:27,1
DA:28,1
DA:29,1
DA:30,1
DA:31,1
DA:32,0
DA:33,0
DA:34,0
DA:35,0
DA:36,0
DA:37,0
DA:38,0
DA:39,1
DA:40,1
DA:41,1
DA:42,0
DA:43,0
DA:44,0
DA:45,0
DA:46,0
DA:47,0
DA:48,0
DA:49,0
DA:50,0
DA:51,0
DA:52,0
DA:53,0
DA:54,0
DA:55,0
DA:56,0
DA:57,0
DA:58,0
DA:59,0
DA:60,0
DA:61,0
DA:62,0
DA:63,0
DA:64,0
DA:65,0
DA:66,0
DA:67,0
DA:68,0
DA:69,0
DA:70,0
DA:71,0
DA:72,0
DA:73,0
DA:74,0
DA:75,0
DA:76,0
DA:77,0
DA:78,0
DA:79,0
DA:80,0
DA:81,0
DA:82,0
DA:83,0
DA:84,0
DA:85,0
DA:86,0
DA:87,0
DA:88,0
DA:89,0
DA:90,0
DA:91,0
DA:92,0
DA:93,1
DA:94,0
DA:95,0
DA:96,0
DA:97,0
DA:98,1
DA:99,1
DA:100,1
DA:101,1
DA:102,1
DA:103,0
DA:104,0
DA:105,0
DA:106,0
DA:107,0
DA:108,0
DA:109,0
DA:110,0
DA:111,0
DA:112,0
DA:113,0
DA:114,0
DA:115,0
DA:116,0
DA:117,0
DA:118,0
DA:119,0
DA:120,0
DA:121,0
DA:122,0
DA:123,0
DA:124,0
DA:125,0
DA:126,0
DA:127,0
DA:128,0
DA:129,0
DA:130,0
DA:131,0
DA:132,0
DA:133,0
DA:134,0
DA:135,0
DA:136,0
DA:137,0
DA:138,0
DA:139,0
DA:140,0
DA:141,0
DA:142,0
DA:143,0
DA:144,0
DA:145,0
DA:146,0
DA:147,0
DA:148,0
DA:149,1
DA:150,1
DA:151,207
DA:152,207
DA:153,207
DA:154,207
DA:155,207
DA:156,207
DA:157,207
DA:158,207
DA:159,1
DA:160,1
DA:161,22
DA:162,22
DA:163,22
DA:164,22
DA:165,22
DA:166,22
DA:167,66
DA:168,66
DA:169,22
DA:170,22
DA:171,22
DA:172,207
DA:173,207
DA:174,207
DA:175,207
DA:176,207
DA:177,207
DA:178,11
DA:179,11
DA:180,207
DA:181,0
DA:182,0
DA:183,0
DA:184,0
DA:185,0
DA:186,0
DA:187,120
DA:188,22
DA:189,22
DA:190,1
DA:191,1
DA:192,1
DA:193,1
DA:194,1
DA:195,15
DA:196,15
DA:197,0
DA:198,0
DA:199,0
DA:200,0
DA:201,0
DA:202,0
DA:203,15
DA:204,15
DA:205,15
DA:206,1
DA:207,7
DA:208,7
DA:209,0
DA:210,0
DA:211,0
DA:212,0
DA:213,0
DA:214,0
DA:215,7
DA:216,7
DA:217,7
DA:218,1
DA:219,9
DA:220,9
DA:221,9
DA:222,9
DA:223,9
DA:224,0
DA:225,9
DA:226,9
DA:227,0
DA:228,0
DA:229,1
DA:230,3
DA:231,3
DA:232,3
DA:233,3
DA:234,3
DA:235,3
DA:236,3
DA:237,3
DA:238,0
DA:239,0
DA:240,0
DA:241,0
DA:242,0
DA:243,0
DA:244,0
DA:245,0
DA:246,0
DA:247,0
DA:248,0
DA:249,0
DA:250,0
DA:251,0
DA:252,0
DA:253,0
DA:254,0
DA:255,0
DA:256,0
DA:257,0
DA:258,0
DA:259,0
DA:260,0
DA:261,0
DA:262,0
DA:263,0
DA:264,0
DA:265,0
DA:266,0
DA:267,0
DA:268,0
DA:269,3
DA:270,3
DA:271,3
DA:272,3
DA:273,3
DA:274,3
DA:275,3
DA:276,1
DA:277,3
DA:278,1
DA:279,8
DA:280,8
DA:281,8
DA:282,8
DA:283,78
DA:284,78
DA:285,78
DA:286,78
DA:287,8
DA:288,8
DA:289,1
DA:290,1
LF:290
LH:116
BRDA:151,0,0,207
BRDA:152,1,0,0
BRDA:161,2,0,22
BRDA:166,3,0,66
BRDA:171,4,0,207
BRDA:172,5,0,165
BRDA:172,6,0,42
BRDA:172,7,0,0
BRDA:173,8,0,0
BRDA:174,9,0,72
BRDA:174,10,0,32
BRDA:175,11,0,175
BRDA:175,12,0,61
BRDA:175,13,0,61
BRDA:175,14,0,30
BRDA:176,15,0,145
BRDA:176,16,0,17
BRDA:176,17,0,17
BRDA:176,18,0,14
BRDA:177,19,0,131
BRDA:177,20,0,11
BRDA:180,21,0,120
BRDA:180,22,0,0
BRDA:187,23,0,120
BRDA:195,24,0,15
BRDA:197,25,0,0
BRDA:207,26,0,7
BRDA:209,27,0,0
BRDA:219,28,0,9
BRDA:222,29,0,2
BRDA:224,30,0,0
BRDA:226,31,0,0
BRDA:222,32,0,51
BRDA:230,33,0,3
BRDA:238,34,0,0
BRDA:269,35,0,0
BRDA:277,36,0,3
BRDA:279,37,0,8
BRDA:280,38,0,6
BRDA:280,39,0,2
BRDA:282,40,0,78
BRDA:283,41,0,66
BRDA:283,42,0,12
BRDA:284,43,0,77
BRDA:285,44,0,71
BRF:45
BRH:35
end_of_record
TN:
SF:src\utils\dateHelpers.js
FN:4,addDays
FN:13,toDateString
FN:22,toFlightAwareTimestamp
FN:29,getNextDays
FN:38,delayMinutes
FNF:5
FNH:4
FNDA:253,addDays
FNDA:35,toDateString
FNDA:0,toFlightAwareTimestamp
FNDA:6,getNextDays
FNDA:7,delayMinutes
DA:1,1
DA:2,1
DA:3,1
DA:4,253
DA:5,253
DA:6,253
DA:7,253
DA:8,253
DA:9,1
DA:10,1
DA:11,1
DA:12,1
DA:13,35
DA:14,35
DA:15,35
DA:16,35
DA:17,35
DA:18,35
DA:19,35
DA:20,1
DA:21,1
DA:22,0
DA:23,0
DA:24,0
DA:25,1
DA:26,1
DA:27,1
DA:28,1
DA:29,6
DA:30,6
DA:31,18
DA:32,6
DA:33,6
DA:34,1
DA:35,1
DA:36,1
DA:37,1
DA:38,7
DA:39,7
DA:40,4
DA:41,4
DA:42,4
DA:43,1
DA:44,1
DA:45,1
DA:46,1
DA:47,1
DA:48,1
DA:49,1
DA:50,1
LF:50
LH:47
BRDA:4,0,0,253
BRDA:13,1,0,35
BRDA:29,2,0,6
BRDA:30,3,0,18
BRDA:38,4,0,7
BRDA:39,5,0,5
BRDA:39,6,0,3
BRDA:40,7,0,4
BRF:8
BRH:8
end_of_record
TN:
SF:src\utils\responseHelpers.js
FN:1,success
FN:10,clientError
FN:19,serverError
FNF:3
FNH:3
FNDA:22,success
FNDA:18,clientError
FNDA:4,serverError
DA:1,22
DA:2,22
DA:3,22
DA:4,22
DA:5,22
DA:6,22
DA:7,22
DA:8,1
DA:9,1
DA:10,18
DA:11,18
DA:12,18
DA:13,18
DA:14,18
DA:15,18
DA:16,18
DA:17,1
DA:18,1
DA:19,4
DA:20,4
DA:21,4
DA:22,4
DA:23,4
DA:24,4
DA:25,4
DA:26,1
DA:27,1
LF:27
LH:27
BRDA:1,0,0,22
BRDA:10,1,0,18
BRDA:19,2,0,4
BRF:3
BRH:3
end_of_record
