TN:
SF:src\App.jsx
FN:7,App
FN:12,(anonymous_1)
FN:17,(anonymous_2)
FNF:3
FNH:0
FNDA:0,App
FNDA:0,(anonymous_1)
FNDA:0,(anonymous_2)
DA:8,0
DA:9,0
DA:10,0
DA:12,0
DA:17,0
LF:5
LH:0
BRDA:14,0,0,0
BRDA:14,0,1,0
BRDA:15,1,0,0
BRDA:15,1,1,0
BRDA:17,2,0,0
BRDA:17,2,1,0
BRF:6
BRH:0
end_of_record
TN:
SF:src\components\baggage\BaggageModal.jsx
FN:10,BaggageModal
FN:13,(anonymous_1)
FN:25,(anonymous_2)
FN:29,(anonymous_3)
FNF:4
FNH:4
FNDA:11,BaggageModal
FNDA:1,(anonymous_1)
FNDA:44,(anonymous_2)
FNDA:154,(anonymous_3)
DA:3,1
DA:11,11
DA:13,1
DA:26,44
DA:30,154
LF:5
LH:5
BRF:0
BRH:0
end_of_record
TN:
SF:src\components\flights\FlightDetail.jsx
FN:4,(anonymous_0)
FN:8,Row
FN:17,FlightDetail
FN:23,(anonymous_3)
FNF:4
FNH:0
FNDA:0,(anonymous_0)
FNDA:0,Row
FNDA:0,FlightDetail
FNDA:0,(anonymous_3)
DA:4,0
DA:9,0
DA:18,0
DA:19,0
DA:21,0
DA:23,0
LF:6
LH:0
BRDA:4,0,0,0
BRDA:4,0,1,0
BRDA:12,1,0,0
BRDA:12,1,1,0
BRDA:12,2,0,0
BRDA:12,2,1,0
BRDA:18,3,0,0
BRDA:18,3,1,0
BRDA:19,4,0,0
BRDA:19,4,1,0
BRDA:19,4,2,0
BRDA:19,4,3,0
BRDA:48,5,0,0
BRDA:48,5,1,0
BRDA:48,5,2,0
BRDA:67,6,0,0
BRDA:67,6,1,0
BRDA:77,7,0,0
BRDA:77,7,1,0
BRDA:80,8,0,0
BRDA:80,8,1,0
BRF:21
BRH:0
end_of_record
TN:
SF:src\components\flights\FlightFilters.jsx
FN:3,FlightFilters
FN:8,(anonymous_1)
FN:14,(anonymous_2)
FN:20,(anonymous_3)
FN:32,(anonymous_4)
FN:38,(anonymous_5)
FN:51,(anonymous_6)
FN:54,(anonymous_7)
FN:68,(anonymous_8)
FN:71,(anonymous_9)
FN:86,(anonymous_10)
FNF:11
FNH:0
FNDA:0,FlightFilters
FNDA:0,(anonymous_1)
FNDA:0,(anonymous_2)
FNDA:0,(anonymous_3)
FNDA:0,(anonymous_4)
FNDA:0,(anonymous_5)
FNDA:0,(anonymous_6)
FNDA:0,(anonymous_7)
FNDA:0,(anonymous_8)
FNDA:0,(anonymous_9)
FNDA:0,(anonymous_10)
DA:7,0
DA:8,0
DA:9,0
DA:10,0
DA:11,0
DA:14,0
DA:15,0
DA:20,0
DA:21,0
DA:22,0
DA:23,0
DA:24,0
DA:27,0
DA:33,0
DA:34,0
DA:35,0
DA:38,0
DA:52,0
DA:54,0
DA:68,0
DA:72,0
DA:86,0
LF:22
LH:0
BRDA:15,0,0,0
BRDA:15,0,1,0
BRDA:39,1,0,0
BRDA:39,1,1,0
BRDA:55,2,0,0
BRDA:55,2,1,0
BRDA:67,3,0,0
BRDA:67,3,1,0
BRDA:73,4,0,0
BRDA:73,4,1,0
BRF:10
BRH:0
end_of_record
TN:
SF:src\components\flights\FlightStatusBadge.jsx
FN:14,FlightStatusBadge
FNF:1
FNH:1
FNDA:26,FlightStatusBadge
DA:3,2
DA:15,26
LF:2
LH:2
BRDA:14,0,0,26
BRDA:16,1,0,2
BRDA:16,1,1,24
BRDA:17,2,0,26
BRDA:17,2,1,2
BRF:5
BRH:5
end_of_record
TN:
SF:src\components\flights\FlightTable.jsx
FN:5,(anonymous_0)
FN:8,(anonymous_1)
FN:12,FlightTable
FN:27,(anonymous_3)
FN:31,(anonymous_4)
FN:50,(anonymous_5)
FN:58,(anonymous_6)
FN:65,(anonymous_7)
FNF:8
FNH:0
FNDA:0,(anonymous_0)
FNDA:0,(anonymous_1)
FNDA:0,FlightTable
FNDA:0,(anonymous_3)
FNDA:0,(anonymous_4)
FNDA:0,(anonymous_5)
FNDA:0,(anonymous_6)
FNDA:0,(anonymous_7)
DA:5,0
DA:8,0
DA:17,0
DA:27,0
DA:31,0
DA:50,0
DA:59,0
DA:61,0
DA:62,0
DA:65,0
LF:10
LH:0
BRDA:5,0,0,0
BRDA:5,0,1,0
BRDA:8,1,0,0
BRDA:8,1,1,0
BRDA:30,2,0,0
BRDA:30,2,1,0
BRDA:48,3,0,0
BRDA:48,3,1,0
BRDA:54,4,0,0
BRDA:54,4,1,0
BRDA:59,5,0,0
BRDA:59,5,1,0
BRDA:61,6,0,0
BRDA:61,6,1,0
BRDA:61,6,2,0
BRDA:61,6,3,0
BRDA:64,7,0,0
BRDA:64,7,1,0
BRDA:65,8,0,0
BRDA:65,8,1,0
BRDA:70,9,0,0
BRDA:70,9,1,0
BRDA:76,10,0,0
BRDA:76,10,1,0
BRDA:83,11,0,0
BRDA:83,11,1,0
BRDA:86,12,0,0
BRDA:86,12,1,0
BRF:28
BRH:0
end_of_record
TN:
SF:src\components\layout\Navbar.jsx
FN:3,Navbar
FN:13,(anonymous_1)
FN:14,(anonymous_2)
FNF:3
FNH:3
FNDA:11,Navbar
FNDA:22,(anonymous_1)
FNDA:2,(anonymous_2)
DA:4,11
DA:14,22
LF:2
LH:2
BRDA:14,0,0,11
BRDA:14,0,1,11
BRDA:20,1,0,11
BRDA:20,1,1,1
BRF:4
BRH:4
end_of_record
TN:
SF:src\components\widgets\AirlineCard.jsx
FN:3,AirlineCard
FN:15,(anonymous_1)
FNF:2
FNH:2
FNDA:7,AirlineCard
FNDA:21,(anonymous_1)
DA:4,7
DA:16,21
LF:2
LH:2
BRDA:19,0,0,0
BRDA:19,0,1,21
BRF:2
BRH:1
end_of_record
TN:
SF:src\components\widgets\RouteCard.jsx
FN:4,RouteMapSVG
FN:5,(anonymous_1)
FN:15,(anonymous_2)
FN:16,(anonymous_3)
FN:29,RouteCard
FNF:5
FNH:5
FNDA:9,RouteMapSVG
FNDA:18,(anonymous_1)
FNDA:54,(anonymous_2)
FNDA:27,(anonymous_3)
FNDA:9,RouteCard
DA:5,18
DA:6,9
DA:7,9
DA:8,9
DA:9,9
DA:10,9
DA:11,9
DA:12,9
DA:15,54
DA:16,27
DA:30,9
DA:31,9
DA:34,9
DA:36,9
LF:14
LH:14
BRDA:30,0,0,9
BRDA:30,0,1,0
BRDA:30,1,0,0
BRDA:30,1,1,0
BRDA:31,2,0,9
BRDA:31,2,1,0
BRDA:31,3,0,0
BRDA:31,3,1,0
BRDA:34,4,0,9
BRDA:34,4,1,9
BRDA:34,4,2,8
BRDA:43,5,0,0
BRDA:43,5,1,9
BRDA:43,6,0,9
BRDA:43,6,1,0
BRDA:53,7,0,9
BRDA:53,7,1,1
BRF:17
BRH:9
end_of_record
TN:
SF:src\components\widgets\WidgetPanel.jsx
FN:12,WidgetPanel
FN:19,(anonymous_1)
FN:20,cargar
FN:64,(anonymous_3)
FN:67,(anonymous_4)
FN:83,(anonymous_5)
FN:84,(anonymous_6)
FNF:7
FNH:0
FNDA:0,WidgetPanel
FNDA:0,(anonymous_1)
FNDA:0,cargar
FNDA:0,(anonymous_3)
FNDA:0,(anonymous_4)
FNDA:0,(anonymous_5)
FNDA:0,(anonymous_6)
DA:13,0
DA:14,0
DA:15,0
DA:16,0
DA:17,0
DA:19,0
DA:21,0
DA:22,0
DA:23,0
DA:24,0
DA:28,0
DA:29,0
DA:31,0
DA:33,0
DA:36,0
DA:39,0
DA:40,0
DA:48,0
DA:49,0
DA:60,0
DA:65,0
DA:67,0
DA:83,0
DA:84,0
LF:24
LH:0
BRDA:28,0,0,0
BRDA:28,0,1,0
BRDA:29,1,0,0
BRDA:29,1,1,0
BRDA:39,2,0,0
BRDA:39,2,1,0
BRDA:48,3,0,0
BRDA:48,3,1,0
BRDA:68,4,0,0
BRDA:68,4,1,0
BRDA:76,5,0,0
BRDA:76,5,1,0
BRDA:82,6,0,0
BRDA:82,6,1,0
BRF:14
BRH:0
end_of_record
TN:
SF:src\hooks\useAirlineMap.js
FN:5,useAirlineMap
FN:9,(anonymous_1)
FN:11,(anonymous_2)
FN:15,(anonymous_3)
FN:18,(anonymous_4)
FNF:5
FNH:0
FNDA:0,useAirlineMap
FNDA:0,(anonymous_1)
FNDA:0,(anonymous_2)
FNDA:0,(anonymous_3)
FNDA:0,(anonymous_4)
DA:6,0
DA:7,0
DA:9,0
DA:10,0
DA:12,0
DA:13,0
DA:14,0
DA:15,0
DA:16,0
DA:21,0
LF:10
LH:0
BRDA:12,0,0,0
BRDA:12,0,1,0
BRF:2
BRH:0
end_of_record
TN:
SF:src\hooks\useFlights.js
FN:5,getFechaLocal
FN:13,useFlights
FN:19,(anonymous_2)
FN:44,(anonymous_3)
FNF:4
FNH:0
FNDA:0,getFechaLocal
FNDA:0,useFlights
FNDA:0,(anonymous_2)
FNDA:0,(anonymous_3)
DA:6,0
DA:7,0
DA:8,0
DA:9,0
DA:10,0
DA:14,0
DA:15,0
DA:16,0
DA:17,0
DA:19,0
DA:20,0
DA:21,0
DA:22,0
DA:23,0
DA:24,0
DA:29,0
DA:34,0
DA:35,0
DA:37,0
DA:38,0
DA:40,0
DA:44,0
DA:47,0
LF:23
LH:0
BRDA:13,0,0,0
BRDA:13,1,0,0
BRDA:23,2,0,0
BRDA:23,2,1,0
BRDA:26,3,0,0
BRDA:26,3,1,0
BRDA:34,4,0,0
BRDA:34,4,1,0
BRDA:35,5,0,0
BRDA:35,5,1,0
BRF:10
BRH:0
end_of_record
TN:
SF:src\services\api.js
FN:3,apiFetch
FN:23,buildQuery
FN:25,(anonymous_2)
FN:28,(anonymous_3)
FN:32,getDepartures
FN:36,getArrivals
FN:40,getFlightByCode
FN:44,searchByLocation
FN:48,getAirlines
FN:52,getRoutes
FN:56,login
FN:66,logout
FN:75,(anonymous_12)
FN:82,getCurrentUser
FN:88,isAMW
FNF:15
FNH:13
FNDA:25,apiFetch
FNDA:14,buildQuery
FNDA:53,(anonymous_2)
FNDA:10,(anonymous_3)
FNDA:6,getDepartures
FNDA:3,getArrivals
FNDA:3,getFlightByCode
FNDA:3,searchByLocation
FNDA:2,getAirlines
FNDA:0,getRoutes
FNDA:5,login
FNDA:3,logout
FNDA:0,(anonymous_12)
FNDA:5,getCurrentUser
FNDA:3,isAMW
DA:1,1
DA:4,25
DA:5,25
DA:10,25
DA:11,25
DA:12,23
DA:13,23
DA:14,19
DA:16,6
DA:17,1
DA:19,5
DA:24,14
DA:25,53
DA:27,14
DA:28,10
DA:33,6
DA:37,3
DA:41,3
DA:45,3
DA:49,2
DA:53,0
DA:57,5
DA:61,3
DA:62,3
DA:63,3
DA:67,3
DA:68,3
DA:70,3
DA:71,3
DA:75,1
DA:76,0
DA:77,0
DA:78,0
DA:79,0
DA:83,5
DA:84,5
DA:85,0
DA:89,3
LF:38
LH:32
BRDA:1,0,0,1
BRDA:1,0,1,0
BRDA:3,1,0,25
BRDA:7,2,0,2
BRDA:7,2,1,23
BRDA:13,3,0,4
BRDA:13,3,1,19
BRDA:13,4,0,4
BRDA:13,4,1,0
BRDA:16,5,0,1
BRDA:16,5,1,5
BRDA:25,6,0,53
BRDA:25,6,1,12
BRDA:25,6,2,12
BRDA:25,6,3,11
BRDA:27,7,0,8
BRDA:27,7,1,6
BRDA:32,8,0,6
BRDA:36,9,0,3
BRDA:44,10,0,3
BRDA:48,11,0,2
BRF:21
BRH:19
end_of_record
