TN:
SF:src\App.jsx
FN:7,App
FN:12,(anonymous_1)
FN:17,(anonymous_2)
FNF:3
FNH:0
FNDA:0,App
FNDA:0,(anonymous_1)
FNDA:0,(anonymous_2)
DA:8,0
DA:9,0
DA:10,0
DA:12,0
DA:17,0
LF:5
LH:0
BRDA:14,0,0,0
BRDA:14,0,1,0
BRDA:15,1,0,0
BRDA:15,1,1,0
BRDA:17,2,0,0
BRDA:17,2,1,0
BRF:6
BRH:0
end_of_record
TN:
SF:src\components\baggage\BaggageModal.jsx
FN:4,BaggageModal
FN:7,(anonymous_1)
FN:17,(anonymous_2)
FN:21,(anonymous_3)
FNF:4
FNH:4
FNDA:11,BaggageModal
FNDA:1,(anonymous_1)
FNDA:44,(anonymous_2)
FNDA:154,(anonymous_3)
DA:5,11
DA:7,1
DA:18,44
DA:22,154
LF:4
LH:4
BRF:0
BRH:0
end_of_record
TN:
SF:src\components\flights\FlightDetail.jsx
FN:5,(anonymous_0)
FN:7,Row
FN:16,FlightDetail
FN:18,(anonymous_3)
FN:21,(anonymous_4)
FNF:5
FNH:0
FNDA:0,(anonymous_0)
FNDA:0,Row
FNDA:0,FlightDetail
FNDA:0,(anonymous_3)
FNDA:0,(anonymous_4)
DA:5,0
DA:8,0
DA:17,0
DA:18,0
DA:19,0
DA:21,0
LF:6
LH:0
BRDA:5,0,0,0
BRDA:5,0,1,0
BRDA:11,1,0,0
BRDA:11,1,1,0
BRDA:17,2,0,0
BRDA:17,2,1,0
BRDA:27,3,0,0
BRDA:27,3,1,0
BRDA:45,4,0,0
BRDA:45,4,1,0
BRDA:45,4,2,0
BRDA:55,5,0,0
BRDA:55,5,1,0
BRDA:57,6,0,0
BRDA:57,6,1,0
BRDA:64,7,0,0
BRDA:64,7,1,0
BRDA:65,8,0,0
BRDA:65,8,1,0
BRDA:66,9,0,0
BRDA:66,9,1,0
BRDA:67,10,0,0
BRDA:67,10,1,0
BRDA:68,11,0,0
BRDA:68,11,1,0
BRF:25
BRH:0
end_of_record
TN:
SF:src\components\flights\FlightFilters.jsx
FN:4,FlightFilters
FN:6,(anonymous_1)
FN:7,(anonymous_2)
FN:8,(anonymous_3)
FN:13,(anonymous_4)
FN:15,(anonymous_5)
FN:20,(anonymous_6)
FN:21,(anonymous_7)
FN:25,(anonymous_8)
FN:27,(anonymous_9)
FN:32,(anonymous_10)
FNF:11
FNH:0
FNDA:0,FlightFilters
FNDA:0,(anonymous_1)
FNDA:0,(anonymous_2)
FNDA:0,(anonymous_3)
FNDA:0,(anonymous_4)
FNDA:0,(anonymous_5)
FNDA:0,(anonymous_6)
FNDA:0,(anonymous_7)
FNDA:0,(anonymous_8)
FNDA:0,(anonymous_9)
FNDA:0,(anonymous_10)
DA:5,0
DA:6,0
DA:7,0
DA:8,0
DA:10,0
DA:14,0
DA:15,0
DA:21,0
DA:25,0
DA:27,0
DA:32,0
LF:11
LH:0
BRDA:7,0,0,0
BRDA:7,0,1,0
BRDA:15,1,0,0
BRDA:15,1,1,0
BRDA:21,2,0,0
BRDA:21,2,1,0
BRF:6
BRH:0
end_of_record
TN:
SF:src\components\flights\FlightStatusBadge.jsx
FN:14,FlightStatusBadge
FNF:1
FNH:1
FNDA:26,FlightStatusBadge
DA:3,2
DA:15,26
LF:2
LH:2
BRDA:14,0,0,26
BRDA:16,1,0,2
BRDA:16,1,1,24
BRDA:17,2,0,26
BRDA:17,2,1,2
BRF:5
BRH:5
end_of_record
TN:
SF:src\components\flights\FlightTable.jsx
FN:14,(anonymous_0)
FN:18,(anonymous_1)
FN:22,FlightTable
FN:25,(anonymous_3)
FN:38,(anonymous_4)
FN:44,(anonymous_5)
FN:60,(anonymous_6)
FN:73,(anonymous_7)
FN:80,(anonymous_8)
FNF:9
FNH:0
FNDA:0,(anonymous_0)
FNDA:0,(anonymous_1)
FNDA:0,FlightTable
FNDA:0,(anonymous_3)
FNDA:0,(anonymous_4)
FNDA:0,(anonymous_5)
FNDA:0,(anonymous_6)
FNDA:0,(anonymous_7)
FNDA:0,(anonymous_8)
DA:14,0
DA:18,0
DA:25,0
DA:27,0
DA:38,0
DA:44,0
DA:61,0
DA:74,0
DA:75,0
DA:76,0
DA:80,0
LF:11
LH:0
BRDA:14,0,0,0
BRDA:14,0,1,0
BRDA:18,1,0,0
BRDA:18,1,1,0
BRDA:37,2,0,0
BRDA:37,2,1,0
BRDA:41,3,0,0
BRDA:41,3,1,0
BRDA:59,4,0,0
BRDA:59,4,1,0
BRDA:66,5,0,0
BRDA:66,5,1,0
BRDA:74,6,0,0
BRDA:74,6,1,0
BRDA:75,7,0,0
BRDA:75,7,1,0
BRDA:79,8,0,0
BRDA:79,8,1,0
BRDA:80,9,0,0
BRDA:80,9,1,0
BRDA:83,10,0,0
BRDA:83,10,1,0
BRDA:83,10,2,0
BRDA:93,11,0,0
BRDA:93,11,1,0
BRDA:96,12,0,0
BRDA:96,12,1,0
BRF:27
BRH:0
end_of_record
TN:
SF:src\components\layout\Navbar.jsx
FN:3,Navbar
FN:13,(anonymous_1)
FN:14,(anonymous_2)
FNF:3
FNH:3
FNDA:11,Navbar
FNDA:22,(anonymous_1)
FNDA:2,(anonymous_2)
DA:4,11
DA:14,22
LF:2
LH:2
BRDA:14,0,0,11
BRDA:14,0,1,11
BRDA:20,1,0,11
BRDA:20,1,1,1
BRF:4
BRH:4
end_of_record
TN:
SF:src\components\widgets\AirlineCard.jsx
FN:3,AirlineCard
FN:15,(anonymous_1)
FNF:2
FNH:2
FNDA:7,AirlineCard
FNDA:21,(anonymous_1)
DA:4,7
DA:16,21
LF:2
LH:2
BRDA:19,0,0,0
BRDA:19,0,1,21
BRF:2
BRH:1
end_of_record
TN:
SF:src\components\widgets\RouteCard.jsx
FN:4,RouteMapSVG
FN:5,(anonymous_1)
FN:14,(anonymous_2)
FN:15,(anonymous_3)
FN:28,RouteCard
FN:29,(anonymous_5)
FNF:6
FNH:6
FNDA:9,RouteMapSVG
FNDA:18,(anonymous_1)
FNDA:54,(anonymous_2)
FNDA:27,(anonymous_3)
FNDA:9,RouteCard
FNDA:45,(anonymous_5)
DA:5,18
DA:6,9
DA:7,9
DA:8,9
DA:9,9
DA:10,9
DA:11,9
DA:14,54
DA:15,27
DA:29,45
DA:30,9
LF:11
LH:11
BRDA:34,0,0,0
BRDA:34,0,1,9
BRDA:43,1,0,9
BRDA:43,1,1,9
BRF:4
BRH:3
end_of_record
TN:
SF:src\components\widgets\WidgetPanel.jsx
FN:6,WidgetPanel
FN:11,(anonymous_1)
FN:12,(anonymous_2)
FN:19,(anonymous_3)
FN:19,(anonymous_4)
FNF:5
FNH:0
FNDA:0,WidgetPanel
FNDA:0,(anonymous_1)
FNDA:0,(anonymous_2)
FNDA:0,(anonymous_3)
FNDA:0,(anonymous_4)
DA:7,0
DA:8,0
DA:12,0
DA:19,0
LF:4
LH:0
BRDA:12,0,0,0
BRDA:12,0,1,0
BRDA:16,1,0,0
BRDA:16,1,1,0
BRDA:19,2,0,0
BRDA:19,2,1,0
BRF:6
BRH:0
end_of_record
TN:
SF:src\hooks\useFlights.js
FN:4,useFlights
FN:9,(anonymous_1)
FN:24,(anonymous_2)
FNF:3
FNH:0
FNDA:0,useFlights
FNDA:0,(anonymous_1)
FNDA:0,(anonymous_2)
DA:5,0
DA:6,0
DA:7,0
DA:9,0
DA:10,0
DA:11,0
DA:12,0
DA:13,0
DA:14,0
DA:15,0
DA:17,0
DA:18,0
DA:20,0
DA:24,0
DA:25,0
DA:28,0
LF:16
LH:0
BRDA:4,0,0,0
BRDA:4,1,0,0
BRDA:13,2,0,0
BRDA:13,2,1,0
BRDA:15,3,0,0
BRDA:15,3,1,0
BRF:6
BRH:0
end_of_record
TN:
SF:src\services\api.js
FN:3,apiFetch
FN:23,buildQuery
FN:25,(anonymous_2)
FN:28,(anonymous_3)
FN:31,getDepartures
FN:35,getArrivals
FN:39,getFlightByCode
FN:43,searchByLocation
FN:47,getAirlines
FN:51,getRoutes
FN:55,login
FN:65,logout
FN:74,getCurrentUser
FN:83,isAMW
FNF:14
FNH:13
FNDA:25,apiFetch
FNDA:12,buildQuery
FNDA:12,(anonymous_2)
FNDA:10,(anonymous_3)
FNDA:6,getDepartures
FNDA:3,getArrivals
FNDA:3,getFlightByCode
FNDA:3,searchByLocation
FNDA:2,getAirlines
FNDA:0,getRoutes
FNDA:5,login
FNDA:3,logout
FNDA:5,getCurrentUser
FNDA:3,isAMW
DA:1,1
DA:4,25
DA:5,25
DA:10,25
DA:11,25
DA:12,23
DA:13,23
DA:14,19
DA:16,6
DA:17,1
DA:19,5
DA:24,12
DA:25,12
DA:27,12
DA:28,10
DA:32,6
DA:36,3
DA:40,3
DA:44,3
DA:48,2
DA:52,0
DA:56,5
DA:60,3
DA:61,3
DA:62,3
DA:66,3
DA:67,3
DA:69,3
DA:70,3
DA:75,5
DA:76,5
DA:77,5
DA:79,0
DA:84,3
LF:34
LH:32
BRDA:1,0,0,1
BRDA:1,0,1,0
BRDA:3,1,0,25
BRDA:7,2,0,2
BRDA:7,2,1,23
BRDA:13,3,0,4
BRDA:13,3,1,19
BRDA:13,4,0,4
BRDA:13,4,1,0
BRDA:16,5,0,1
BRDA:16,5,1,5
BRDA:25,6,0,12
BRDA:25,6,1,12
BRDA:25,6,2,12
BRDA:25,6,3,11
BRDA:27,7,0,6
BRDA:27,7,1,6
BRDA:31,8,0,6
BRDA:35,9,0,3
BRDA:43,10,0,3
BRDA:77,11,0,3
BRDA:77,11,1,2
BRF:22
BRH:20
end_of_record
